<?xml version="1.0" encoding="UTF-8"?>
<!-- Generated by org.testng.reporters.JUnitReportReporter -->
<testsuite skipped="0" hostname="DESKTOP-OM2QHAP" name="com.vision.freecrm.hybridframework.testcases.HomePageTest" tests="1" failures="0" timestamp="02 Feb 2020 02:48:23 GMT" time="74.166" errors="0">
  <testcase name="navigatetoNewContactsPageTest" time="74.166" classname="com.vision.freecrm.hybridframework.testcases.HomePageTest"/>
</testsuite> <!-- com.vision.freecrm.hybridframework.testcases.HomePageTest -->
