<?xml version="1.0" encoding="UTF-8"?>
<!-- Generated by org.testng.reporters.JUnitReportReporter -->
<testsuite skipped="0" hostname="DESKTOP-OM2QHAP" name="com.vision.freecrm.hybridframework.testcases.HomePageTest" tests="1" failures="0" timestamp="25 Jan 2020 04:06:29 GMT" time="47.743" errors="0">
  <testcase name="navigatetoNewContactsPageTest" time="47.743" classname="com.vision.freecrm.hybridframework.testcases.HomePageTest"/>
</testsuite> <!-- com.vision.freecrm.hybridframework.testcases.HomePageTest -->
