<?xml version="1.0" encoding="UTF-8"?>
<!-- Generated by org.testng.reporters.JUnitReportReporter -->
<testsuite skipped="0" hostname="DESKTOP-OM2QHAP" name="com.vision.freecrm.hybridframework.testcases.NewContactsPageTest" tests="1" failures="0" timestamp="02 Feb 2020 03:23:56 GMT" time="29.754" errors="0">
  <testcase name="createNewAccountsTest" time="29.754" classname="com.vision.freecrm.hybridframework.testcases.NewContactsPageTest"/>
</testsuite> <!-- com.vision.freecrm.hybridframework.testcases.NewContactsPageTest -->
