<?xml version="1.0" encoding="UTF-8"?>
<!-- Generated by org.testng.reporters.JUnitReportReporter -->
<testsuite skipped="0" hostname="DESKTOP-OM2QHAP" name="com.vision.freecrm.hybridframework.testbase.TestBase" tests="1" failures="0" timestamp="21 Jan 2020 03:18:49 GMT" time="1.760" errors="0">
  <testcase name="demo" time="1.760" classname="com.vision.freecrm.hybridframework.testbase.TestBase"/>
</testsuite> <!-- com.vision.freecrm.hybridframework.testbase.TestBase -->
